<?xml version="1.0" encoding="UTF-8"?>
<!-- Generated by org.testng.reporters.JUnitReportReporter -->
<testsuite hostname="DESKTOP-QT9BDOB" failures="0" tests="1" name="TamashaAppTests.mainApp" time="159.022" errors="0" timestamp="2024-05-20T13:40:33 PKT" skipped="0">
  <testcase classname="TamashaAppTests.mainApp" name="RewardsLoadTime" time="159.022"/>
  <system-out/>
</testsuite> <!-- TamashaAppTests.mainApp -->
